<?xml version="1.0" encoding="UTF-8"?>
<testsuites name="bun test" tests="198" assertions="261" failures="0" skipped="0" time="1.3705397">
  <testsuite name="src\utils\compression\huffman-coding.test.ts" file="src\utils\compression\huffman-coding.test.ts" tests="4" assertions="11" failures="0" skipped="0" time="0" hostname="">
    <testsuite name="huffmanCoding" file="src\utils\compression\huffman-coding.test.ts" line="4" tests="4" assertions="11" failures="0" skipped="0" time="0.015" hostname="">
      <testcase name="should correctly encode a simple string" classname="huffmanCoding" time="0.015" file="src\utils\compression\huffman-coding.test.ts" line="5" assertions="4" />
      <testcase name="should handle a string with a single character" classname="huffmanCoding" time="0" file="src\utils\compression\huffman-coding.test.ts" line="20" assertions="3" />
      <testcase name="should handle an empty string" classname="huffmanCoding" time="0" file="src\utils\compression\huffman-coding.test.ts" line="28" assertions="1" />
      <testcase name="should handle a string with all unique characters" classname="huffmanCoding" time="0" file="src\utils\compression\huffman-coding.test.ts" line="34" assertions="3" />
    </testsuite>
  </testsuite>
  <testsuite name="src\utils\compression\lzw-compression.test.ts" file="src\utils\compression\lzw-compression.test.ts" tests="4" assertions="4" failures="0" skipped="0" time="0" hostname="">
    <testsuite name="LZW Compression" file="src\utils\compression\lzw-compression.test.ts" line="3" tests="4" assertions="4" failures="0" skipped="0" time="0" hostname="">
      <testcase name="should compress and decompress a simple string" classname="LZW Compression" time="0" file="src\utils\compression\lzw-compression.test.ts" line="4" assertions="1" />
      <testcase name="should handle a more complex string" classname="LZW Compression" time="0" file="src\utils\compression\lzw-compression.test.ts" line="11" assertions="1" />
      <testcase name="should handle strings with repeating characters" classname="LZW Compression" time="0" file="src\utils\compression\lzw-compression.test.ts" line="18" assertions="1" />
      <testcase name="should handle an empty string" classname="LZW Compression" time="0" file="src\utils\compression\lzw-compression.test.ts" line="25" assertions="1" />
    </testsuite>
  </testsuite>
  <testsuite name="src\utils\dynamic-programming\kadanes-algorithm.test.ts" file="src\utils\dynamic-programming\kadanes-algorithm.test.ts" tests="6" assertions="7" failures="0" skipped="0" time="0" hostname="">
    <testsuite name="kadanesAlgorithm" file="src\utils\dynamic-programming\kadanes-algorithm.test.ts" line="4" tests="6" assertions="7" failures="0" skipped="0" time="0" hostname="">
      <testcase name="should find the maximum subarray sum in an array with positive and negative numbers" classname="kadanesAlgorithm" time="0" file="src\utils\dynamic-programming\kadanes-algorithm.test.ts" line="5" assertions="1" />
      <testcase name="should return the largest number if all numbers are negative" classname="kadanesAlgorithm" time="0" file="src\utils\dynamic-programming\kadanes-algorithm.test.ts" line="10" assertions="1" />
      <testcase name="should return the sum of all numbers if all are positive" classname="kadanesAlgorithm" time="0" file="src\utils\dynamic-programming\kadanes-algorithm.test.ts" line="15" assertions="1" />
      <testcase name="should return 0 for an empty array" classname="kadanesAlgorithm" time="0" file="src\utils\dynamic-programming\kadanes-algorithm.test.ts" line="20" assertions="1" />
      <testcase name="should handle an array with a single element" classname="kadanesAlgorithm" time="0" file="src\utils\dynamic-programming\kadanes-algorithm.test.ts" line="25" assertions="2" />
      <testcase name="should handle an array with all zeros" classname="kadanesAlgorithm" time="0" file="src\utils\dynamic-programming\kadanes-algorithm.test.ts" line="33" assertions="1" />
    </testsuite>
  </testsuite>
  <testsuite name="src\utils\dynamic-programming\knapsack-problem.test.ts" file="src\utils\dynamic-programming\knapsack-problem.test.ts" tests="4" assertions="10" failures="0" skipped="0" time="0" hostname="">
    <testsuite name="Knapsack Problem" file="src\utils\dynamic-programming\knapsack-problem.test.ts" line="3" tests="4" assertions="10" failures="0" skipped="0" time="0" hostname="">
      <testcase name="should solve the knapsack problem for a simple case" classname="Knapsack Problem" time="0" file="src\utils\dynamic-programming\knapsack-problem.test.ts" line="4" assertions="3" />
      <testcase name="should handle a case where some items are not selected" classname="Knapsack Problem" time="0" file="src\utils\dynamic-programming\knapsack-problem.test.ts" line="18" assertions="3" />
      <testcase name="should handle an empty item list" classname="Knapsack Problem" time="0" file="src\utils\dynamic-programming\knapsack-problem.test.ts" line="31" assertions="2" />
      <testcase name="should handle zero capacity" classname="Knapsack Problem" time="0" file="src\utils\dynamic-programming\knapsack-problem.test.ts" line="39" assertions="2" />
    </testsuite>
  </testsuite>
  <testsuite name="src\utils\dynamic-programming\longest-common-subsequence.test.ts" file="src\utils\dynamic-programming\longest-common-subsequence.test.ts" tests="6" assertions="7" failures="0" skipped="0" time="0" hostname="">
    <testsuite name="longestCommonSubsequence" file="src\utils\dynamic-programming\longest-common-subsequence.test.ts" line="4" tests="6" assertions="7" failures="0" skipped="0" time="0" hostname="">
      <testcase name="should find the longest common subsequence of two strings" classname="longestCommonSubsequence" time="0" file="src\utils\dynamic-programming\longest-common-subsequence.test.ts" line="5" assertions="1" />
      <testcase name="should return an empty string if there is no common subsequence" classname="longestCommonSubsequence" time="0" file="src\utils\dynamic-programming\longest-common-subsequence.test.ts" line="11" assertions="1" />
      <testcase name="should return an empty string if one of the strings is empty" classname="longestCommonSubsequence" time="0" file="src\utils\dynamic-programming\longest-common-subsequence.test.ts" line="17" assertions="2" />
      <testcase name="should return the string itself if the strings are identical" classname="longestCommonSubsequence" time="0" file="src\utils\dynamic-programming\longest-common-subsequence.test.ts" line="24" assertions="1" />
      <testcase name="should handle complex cases" classname="longestCommonSubsequence" time="0" file="src\utils\dynamic-programming\longest-common-subsequence.test.ts" line="30" assertions="1" />
      <testcase name="should handle another complex case" classname="longestCommonSubsequence" time="0" file="src\utils\dynamic-programming\longest-common-subsequence.test.ts" line="36" assertions="1" />
    </testsuite>
  </testsuite>
  <testsuite name="src\utils\graph\bellman-ford.test.ts" file="src\utils\graph\bellman-ford.test.ts" tests="5" assertions="11" failures="0" skipped="0" time="0" hostname="">
    <testsuite name="bellmanFord" file="src\utils\graph\bellman-ford.test.ts" line="5" tests="5" assertions="11" failures="0" skipped="0" time="0.015" hostname="">
      <testcase name="should find the shortest paths in a simple graph with positive weights" classname="bellmanFord" time="0.015" file="src\utils\graph\bellman-ford.test.ts" line="6" assertions="3" />
      <testcase name="should handle a graph with negative weights but no negative cycle" classname="bellmanFord" time="0" file="src\utils\graph\bellman-ford.test.ts" line="22" assertions="2" />
      <testcase name="should detect a negative-weight cycle" classname="bellmanFord" time="0" file="src\utils\graph\bellman-ford.test.ts" line="38" assertions="1" />
      <testcase name="should handle unreachable nodes" classname="bellmanFord" time="0" file="src\utils\graph\bellman-ford.test.ts" line="51" assertions="2" />
      <testcase name="should handle a graph with a single node" classname="bellmanFord" time="0" file="src\utils\graph\bellman-ford.test.ts" line="65" assertions="3" />
    </testsuite>
  </testsuite>
  <testsuite name="src\utils\graph\depth-first-search.test.ts" file="src\utils\graph\depth-first-search.test.ts" tests="6" assertions="6" failures="0" skipped="0" time="0" hostname="">
    <testsuite name="depthFirstSearch" file="src\utils\graph\depth-first-search.test.ts" line="5" tests="6" assertions="6" failures="0" skipped="0" time="0" hostname="">
      <testcase name="should perform DFS on a simple graph" classname="depthFirstSearch" time="0" file="src\utils\graph\depth-first-search.test.ts" line="6" assertions="1" />
      <testcase name="should handle a graph with cycles" classname="depthFirstSearch" time="0" file="src\utils\graph\depth-first-search.test.ts" line="21" assertions="1" />
      <testcase name="should handle a disconnected graph, visiting only the connected component" classname="depthFirstSearch" time="0" file="src\utils\graph\depth-first-search.test.ts" line="33" assertions="1" />
      <testcase name="should handle a graph with a single node" classname="depthFirstSearch" time="0" file="src\utils\graph\depth-first-search.test.ts" line="45" assertions="1" />
      <testcase name="should return an empty array if the start node is not in the graph" classname="depthFirstSearch" time="0" file="src\utils\graph\depth-first-search.test.ts" line="52" assertions="1" />
      <testcase name="should handle a linear graph (like a linked list)" classname="depthFirstSearch" time="0" file="src\utils\graph\depth-first-search.test.ts" line="59" assertions="1" />
    </testsuite>
  </testsuite>
  <testsuite name="src\utils\graph\dijkstra.test.ts" file="src\utils\graph\dijkstra.test.ts" tests="5" assertions="7" failures="0" skipped="0" time="0" hostname="">
    <testsuite name="dijkstra" file="src\utils\graph\dijkstra.test.ts" line="5" tests="5" assertions="7" failures="0" skipped="0" time="0" hostname="">
      <testcase name="should find the shortest paths in a simple graph" classname="dijkstra" time="0" file="src\utils\graph\dijkstra.test.ts" line="6" assertions="2" />
      <testcase name="should handle a more complex graph where direct path is not shortest" classname="dijkstra" time="0" file="src\utils\graph\dijkstra.test.ts" line="20" assertions="1" />
      <testcase name="should handle unreachable nodes" classname="dijkstra" time="0" file="src\utils\graph\dijkstra.test.ts" line="32" assertions="1" />
      <testcase name="should handle a graph with a single node" classname="dijkstra" time="0" file="src\utils\graph\dijkstra.test.ts" line="44" assertions="2" />
      <testcase name="should handle a graph with cycles" classname="dijkstra" time="0" file="src\utils\graph\dijkstra.test.ts" line="52" assertions="1" />
    </testsuite>
  </testsuite>
  <testsuite name="src\utils\graph\floyd-warshall.test.ts" file="src\utils\graph\floyd-warshall.test.ts" tests="4" assertions="9" failures="0" skipped="0" time="0" hostname="">
    <testsuite name="floydWarshall" file="src\utils\graph\floyd-warshall.test.ts" line="5" tests="4" assertions="9" failures="0" skipped="0" time="0" hostname="">
      <testcase name="should find all-pairs shortest paths in a simple directed graph" classname="floydWarshall" time="0" file="src\utils\graph\floyd-warshall.test.ts" line="6" assertions="4" />
      <testcase name="should handle a graph with negative weights but no negative cycles" classname="floydWarshall" time="0" file="src\utils\graph\floyd-warshall.test.ts" line="23" assertions="2" />
      <testcase name="should handle unreachable nodes" classname="floydWarshall" time="0" file="src\utils\graph\floyd-warshall.test.ts" line="38" assertions="2" />
      <testcase name="should handle a graph with a single node" classname="floydWarshall" time="0" file="src\utils\graph\floyd-warshall.test.ts" line="52" assertions="1" />
    </testsuite>
  </testsuite>
  <testsuite name="src\utils\graph\kruskals-algorithm.test.ts" file="src\utils\graph\kruskals-algorithm.test.ts" tests="5" assertions="9" failures="0" skipped="0" time="0" hostname="">
    <testsuite name="kruskalsAlgorithm" file="src\utils\graph\kruskals-algorithm.test.ts" line="5" tests="5" assertions="9" failures="0" skipped="0" time="0" hostname="">
      <testcase name="should find the Minimum Spanning Tree of a simple graph" classname="kruskalsAlgorithm" time="0" file="src\utils\graph\kruskals-algorithm.test.ts" line="6" assertions="2" />
      <testcase name="should handle a graph with multiple possible MSTs" classname="kruskalsAlgorithm" time="0" file="src\utils\graph\kruskals-algorithm.test.ts" line="21" assertions="2" />
      <testcase name="should find a Minimum Spanning Forest in a disconnected graph" classname="kruskalsAlgorithm" time="0" file="src\utils\graph\kruskals-algorithm.test.ts" line="35" assertions="2" />
      <testcase name="should return an empty array for a graph with a single node" classname="kruskalsAlgorithm" time="0" file="src\utils\graph\kruskals-algorithm.test.ts" line="50" assertions="1" />
      <testcase name="should work for a complete graph" classname="kruskalsAlgorithm" time="0" file="src\utils\graph\kruskals-algorithm.test.ts" line="56" assertions="2" />
    </testsuite>
  </testsuite>
  <testsuite name="src\utils\graph\prims-algorithm.test.ts" file="src\utils\graph\prims-algorithm.test.ts" tests="5" assertions="8" failures="0" skipped="0" time="0" hostname="">
    <testsuite name="primsAlgorithm" file="src\utils\graph\prims-algorithm.test.ts" line="5" tests="5" assertions="8" failures="0" skipped="0" time="0" hostname="">
      <testcase name="should find the Minimum Spanning Tree of a simple graph" classname="primsAlgorithm" time="0" file="src\utils\graph\prims-algorithm.test.ts" line="6" assertions="2" />
      <testcase name="should handle a disconnected graph" classname="primsAlgorithm" time="0" file="src\utils\graph\prims-algorithm.test.ts" line="21" assertions="2" />
      <testcase name="should return an empty array for a graph with a single node" classname="primsAlgorithm" time="0" file="src\utils\graph\prims-algorithm.test.ts" line="37" assertions="1" />
      <testcase name="should return an empty array if the start node is not in the graph" classname="primsAlgorithm" time="0" file="src\utils\graph\prims-algorithm.test.ts" line="43" assertions="1" />
      <testcase name="should work for a complete graph" classname="primsAlgorithm" time="0" file="src\utils\graph\prims-algorithm.test.ts" line="49" assertions="2" />
    </testsuite>
  </testsuite>
  <testsuite name="src\utils\graph\topological-sort.test.ts" file="src\utils\graph\topological-sort.test.ts" tests="6" assertions="21" failures="0" skipped="0" time="0" hostname="">
    <testsuite name="topologicalSort" file="src\utils\graph\topological-sort.test.ts" line="5" tests="6" assertions="21" failures="0" skipped="0" time="0.016" hostname="">
      <testcase name="should perform topological sort on a simple DAG" classname="topologicalSort" time="0" file="src\utils\graph\topological-sort.test.ts" line="6" assertions="7" />
      <testcase name="should return null for a graph with a cycle" classname="topologicalSort" time="0" file="src\utils\graph\topological-sort.test.ts" line="27" assertions="1" />
      <testcase name="should handle a disconnected DAG" classname="topologicalSort" time="0.016" file="src\utils\graph\topological-sort.test.ts" line="38" assertions="4" />
      <testcase name="should handle a graph with a single node" classname="topologicalSort" time="0" file="src\utils\graph\topological-sort.test.ts" line="52" assertions="1" />
      <testcase name="should return an empty array for an empty graph" classname="topologicalSort" time="0" file="src\utils\graph\topological-sort.test.ts" line="58" assertions="1" />
      <testcase name="should handle a more complex DAG" classname="topologicalSort" time="0" file="src\utils\graph\topological-sort.test.ts" line="64" assertions="7" />
    </testsuite>
  </testsuite>
  <testsuite name="src\utils\math\fibonacci-sequence.test.ts" file="src\utils\math\fibonacci-sequence.test.ts" tests="5" assertions="5" failures="0" skipped="0" time="0" hostname="">
    <testsuite name="fibonacci" file="src\utils\math\fibonacci-sequence.test.ts" line="4" tests="5" assertions="5" failures="0" skipped="0" time="0" hostname="">
      <testcase name="should return the first 10 numbers of the Fibonacci sequence" classname="fibonacci" time="0" file="src\utils\math\fibonacci-sequence.test.ts" line="5" assertions="1" />
      <testcase name="should return the first 2 numbers for n = 2" classname="fibonacci" time="0" file="src\utils\math\fibonacci-sequence.test.ts" line="9" assertions="1" />
      <testcase name="should return the first number for n = 1" classname="fibonacci" time="0" file="src\utils\math\fibonacci-sequence.test.ts" line="13" assertions="1" />
      <testcase name="should return an empty array for n = 0" classname="fibonacci" time="0" file="src\utils\math\fibonacci-sequence.test.ts" line="17" assertions="1" />
      <testcase name="should return an empty array for a negative n" classname="fibonacci" time="0" file="src\utils\math\fibonacci-sequence.test.ts" line="21" assertions="1" />
    </testsuite>
  </testsuite>
  <testsuite name="src\utils\math\luhn-algorithm.test.ts" file="src\utils\math\luhn-algorithm.test.ts" tests="6" assertions="8" failures="0" skipped="0" time="0" hostname="">
    <testsuite name="luhnCheck" file="src\utils\math\luhn-algorithm.test.ts" line="4" tests="6" assertions="8" failures="0" skipped="0" time="0" hostname="">
      <testcase name="should return true for a valid number string" classname="luhnCheck" time="0" file="src\utils\math\luhn-algorithm.test.ts" line="5" assertions="1" />
      <testcase name="should return true for a valid number string with spaces" classname="luhnCheck" time="0" file="src\utils\math\luhn-algorithm.test.ts" line="9" assertions="1" />
      <testcase name="should return false for an invalid number string" classname="luhnCheck" time="0" file="src\utils\math\luhn-algorithm.test.ts" line="13" assertions="1" />
      <testcase name="should return false for a string with non-digit characters" classname="luhnCheck" time="0" file="src\utils\math\luhn-algorithm.test.ts" line="17" assertions="1" />
      <testcase name="should return false for an empty string" classname="luhnCheck" time="0" file="src\utils\math\luhn-algorithm.test.ts" line="21" assertions="1" />
      <testcase name="should handle a single digit string" classname="luhnCheck" time="0" file="src\utils\math\luhn-algorithm.test.ts" line="25" assertions="3" />
    </testsuite>
  </testsuite>
  <testsuite name="src\utils\random\reservoir-sampling.test.ts" file="src\utils\random\reservoir-sampling.test.ts" tests="7" assertions="9" failures="0" skipped="0" time="0" hostname="">
    <testsuite name="reservoirSampling" file="src\utils\random\reservoir-sampling.test.ts" line="4" tests="7" assertions="9" failures="0" skipped="0" time="0.047" hostname="">
      <testcase name="should return a sample of size k" classname="reservoirSampling" time="0" file="src\utils\random\reservoir-sampling.test.ts" line="7" assertions="1" />
      <testcase name="should contain elements only from the original stream" classname="reservoirSampling" time="0" file="src\utils\random\reservoir-sampling.test.ts" line="13" assertions="1" />
      <testcase name="should return a copy of the stream if k is greater than stream length" classname="reservoirSampling" time="0.047" file="src\utils\random\reservoir-sampling.test.ts" line="21" assertions="2" />
      <testcase name="should return a copy of the stream if k is equal to stream length" classname="reservoirSampling" time="0" file="src\utils\random\reservoir-sampling.test.ts" line="28" assertions="2" />
      <testcase name="should return an empty array if k is 0" classname="reservoirSampling" time="0" file="src\utils\random\reservoir-sampling.test.ts" line="35" assertions="1" />
      <testcase name="should return an empty array for an empty stream" classname="reservoirSampling" time="0" file="src\utils\random\reservoir-sampling.test.ts" line="41" assertions="1" />
      <testcase name="should return an empty array for a negative k" classname="reservoirSampling" time="0" file="src\utils\random\reservoir-sampling.test.ts" line="48" assertions="1" />
    </testsuite>
  </testsuite>
  <testsuite name="src\utils\searching\binary-search.test.ts" file="src\utils\searching\binary-search.test.ts" tests="8" assertions="10" failures="0" skipped="0" time="0" hostname="">
    <testsuite name="binarySearch" file="src\utils\searching\binary-search.test.ts" line="4" tests="8" assertions="10" failures="0" skipped="0" time="0" hostname="">
      <testcase name="should find the index of a target in a sorted number array" classname="binarySearch" time="0" file="src\utils\searching\binary-search.test.ts" line="5" assertions="1" />
      <testcase name="should find the index of a target in a sorted string array" classname="binarySearch" time="0" file="src\utils\searching\binary-search.test.ts" line="10" assertions="1" />
      <testcase name="should return -1 if the target is not in the array" classname="binarySearch" time="0" file="src\utils\searching\binary-search.test.ts" line="15" assertions="1" />
      <testcase name="should return -1 for an empty array" classname="binarySearch" time="0" file="src\utils\searching\binary-search.test.ts" line="20" assertions="1" />
      <testcase name="should handle an array with a single element" classname="binarySearch" time="0" file="src\utils\searching\binary-search.test.ts" line="25" assertions="2" />
      <testcase name="should find the target if it is the first element" classname="binarySearch" time="0" file="src\utils\searching\binary-search.test.ts" line="31" assertions="1" />
      <testcase name="should find the target if it is the last element" classname="binarySearch" time="0" file="src\utils\searching\binary-search.test.ts" line="36" assertions="1" />
      <testcase name="should handle arrays with duplicate values" classname="binarySearch" time="0" file="src\utils\searching\binary-search.test.ts" line="41" assertions="2" />
    </testsuite>
  </testsuite>
  <testsuite name="src\utils\searching\exponential-search.test.ts" file="src\utils\searching\exponential-search.test.ts" tests="8" assertions="11" failures="0" skipped="0" time="0" hostname="">
    <testsuite name="exponentialSearch" file="src\utils\searching\exponential-search.test.ts" line="4" tests="8" assertions="11" failures="0" skipped="0" time="0.047" hostname="">
      <testcase name="should find the index of a target in a sorted number array" classname="exponentialSearch" time="0" file="src\utils\searching\exponential-search.test.ts" line="5" assertions="1" />
      <testcase name="should find the index of a target in a sorted string array" classname="exponentialSearch" time="0" file="src\utils\searching\exponential-search.test.ts" line="10" assertions="1" />
      <testcase name="should return -1 if the target is not in the array" classname="exponentialSearch" time="0" file="src\utils\searching\exponential-search.test.ts" line="15" assertions="1" />
      <testcase name="should return -1 for an empty array" classname="exponentialSearch" time="0" file="src\utils\searching\exponential-search.test.ts" line="20" assertions="1" />
      <testcase name="should handle an array with a single element" classname="exponentialSearch" time="0" file="src\utils\searching\exponential-search.test.ts" line="25" assertions="2" />
      <testcase name="should find the target if it is the first element" classname="exponentialSearch" time="0" file="src\utils\searching\exponential-search.test.ts" line="31" assertions="1" />
      <testcase name="should find the target if it is the last element" classname="exponentialSearch" time="0" file="src\utils\searching\exponential-search.test.ts" line="36" assertions="1" />
      <testcase name="should work with a larger array" classname="exponentialSearch" time="0.047" file="src\utils\searching\exponential-search.test.ts" line="41" assertions="3" />
    </testsuite>
  </testsuite>
  <testsuite name="src\utils\searching\jump-search.test.ts" file="src\utils\searching\jump-search.test.ts" tests="8" assertions="11" failures="0" skipped="0" time="0" hostname="">
    <testsuite name="jumpSearch" file="src\utils\searching\jump-search.test.ts" line="4" tests="8" assertions="11" failures="0" skipped="0" time="0.016" hostname="">
      <testcase name="should find the index of a target in a sorted number array" classname="jumpSearch" time="0" file="src\utils\searching\jump-search.test.ts" line="5" assertions="1" />
      <testcase name="should find the index of a target in a sorted string array" classname="jumpSearch" time="0" file="src\utils\searching\jump-search.test.ts" line="10" assertions="1" />
      <testcase name="should return -1 if the target is not in the array" classname="jumpSearch" time="0" file="src\utils\searching\jump-search.test.ts" line="15" assertions="1" />
      <testcase name="should return -1 for an empty array" classname="jumpSearch" time="0" file="src\utils\searching\jump-search.test.ts" line="20" assertions="1" />
      <testcase name="should handle an array with a single element" classname="jumpSearch" time="0" file="src\utils\searching\jump-search.test.ts" line="25" assertions="2" />
      <testcase name="should find the target if it is the first element" classname="jumpSearch" time="0" file="src\utils\searching\jump-search.test.ts" line="31" assertions="1" />
      <testcase name="should find the target if it is the last element" classname="jumpSearch" time="0" file="src\utils\searching\jump-search.test.ts" line="36" assertions="1" />
      <testcase name="should work with a larger array" classname="jumpSearch" time="0.016" file="src\utils\searching\jump-search.test.ts" line="41" assertions="3" />
    </testsuite>
  </testsuite>
  <testsuite name="src\utils\sorting\bubble-sort.test.ts" file="src\utils\sorting\bubble-sort.test.ts" tests="8" assertions="8" failures="0" skipped="0" time="0" hostname="">
    <testsuite name="bubbleSort" file="src\utils\sorting\bubble-sort.test.ts" line="4" tests="8" assertions="8" failures="0" skipped="0" time="0.015" hostname="">
      <testcase name="should sort an array of numbers" classname="bubbleSort" time="0" file="src\utils\sorting\bubble-sort.test.ts" line="5" assertions="1" />
      <testcase name="should sort an array of strings" classname="bubbleSort" time="0" file="src\utils\sorting\bubble-sort.test.ts" line="10" assertions="1" />
      <testcase name="should handle an already sorted array" classname="bubbleSort" time="0" file="src\utils\sorting\bubble-sort.test.ts" line="15" assertions="1" />
      <testcase name="should handle a reverse-sorted array" classname="bubbleSort" time="0" file="src\utils\sorting\bubble-sort.test.ts" line="20" assertions="1" />
      <testcase name="should handle an array with duplicate elements" classname="bubbleSort" time="0" file="src\utils\sorting\bubble-sort.test.ts" line="25" assertions="1" />
      <testcase name="should handle an array with a single element" classname="bubbleSort" time="0.015" file="src\utils\sorting\bubble-sort.test.ts" line="30" assertions="1" />
      <testcase name="should return an empty array for an empty input array" classname="bubbleSort" time="0" file="src\utils\sorting\bubble-sort.test.ts" line="35" assertions="1" />
      <testcase name="should sort an array with negative numbers" classname="bubbleSort" time="0" file="src\utils\sorting\bubble-sort.test.ts" line="40" assertions="1" />
    </testsuite>
  </testsuite>
  <testsuite name="src\utils\sorting\counting-sort.test.ts" file="src\utils\sorting\counting-sort.test.ts" tests="7" assertions="7" failures="0" skipped="0" time="0" hostname="">
    <testsuite name="countingSort" file="src\utils\sorting\counting-sort.test.ts" line="4" tests="7" assertions="7" failures="0" skipped="0" time="0" hostname="">
      <testcase name="should sort an array of positive integers" classname="countingSort" time="0" file="src\utils\sorting\counting-sort.test.ts" line="5" assertions="1" />
      <testcase name="should handle an already sorted array" classname="countingSort" time="0" file="src\utils\sorting\counting-sort.test.ts" line="10" assertions="1" />
      <testcase name="should handle a reverse-sorted array" classname="countingSort" time="0" file="src\utils\sorting\counting-sort.test.ts" line="15" assertions="1" />
      <testcase name="should handle an array with all same elements" classname="countingSort" time="0" file="src\utils\sorting\counting-sort.test.ts" line="20" assertions="1" />
      <testcase name="should handle an array with a single element" classname="countingSort" time="0" file="src\utils\sorting\counting-sort.test.ts" line="25" assertions="1" />
      <testcase name="should return an empty array for an empty input array" classname="countingSort" time="0" file="src\utils\sorting\counting-sort.test.ts" line="30" assertions="1" />
      <testcase name="should sort an array containing zero" classname="countingSort" time="0" file="src\utils\sorting\counting-sort.test.ts" line="35" assertions="1" />
    </testsuite>
  </testsuite>
  <testsuite name="src\utils\sorting\heap-sort.test.ts" file="src\utils\sorting\heap-sort.test.ts" tests="8" assertions="8" failures="0" skipped="0" time="0" hostname="">
    <testsuite name="heapSort" file="src\utils\sorting\heap-sort.test.ts" line="4" tests="8" assertions="8" failures="0" skipped="0" time="0" hostname="">
      <testcase name="should sort an array of numbers" classname="heapSort" time="0" file="src\utils\sorting\heap-sort.test.ts" line="5" assertions="1" />
      <testcase name="should sort an array of strings" classname="heapSort" time="0" file="src\utils\sorting\heap-sort.test.ts" line="10" assertions="1" />
      <testcase name="should handle an already sorted array" classname="heapSort" time="0" file="src\utils\sorting\heap-sort.test.ts" line="15" assertions="1" />
      <testcase name="should handle a reverse-sorted array" classname="heapSort" time="0" file="src\utils\sorting\heap-sort.test.ts" line="20" assertions="1" />
      <testcase name="should handle an array with duplicate elements" classname="heapSort" time="0" file="src\utils\sorting\heap-sort.test.ts" line="25" assertions="1" />
      <testcase name="should handle an array with a single element" classname="heapSort" time="0" file="src\utils\sorting\heap-sort.test.ts" line="30" assertions="1" />
      <testcase name="should return an empty array for an empty input array" classname="heapSort" time="0" file="src\utils\sorting\heap-sort.test.ts" line="35" assertions="1" />
      <testcase name="should sort an array with negative numbers" classname="heapSort" time="0" file="src\utils\sorting\heap-sort.test.ts" line="40" assertions="1" />
    </testsuite>
  </testsuite>
  <testsuite name="src\utils\sorting\insertion-sort.test.ts" file="src\utils\sorting\insertion-sort.test.ts" tests="8" assertions="8" failures="0" skipped="0" time="0" hostname="">
    <testsuite name="insertionSort" file="src\utils\sorting\insertion-sort.test.ts" line="4" tests="8" assertions="8" failures="0" skipped="0" time="0" hostname="">
      <testcase name="should sort an array of numbers" classname="insertionSort" time="0" file="src\utils\sorting\insertion-sort.test.ts" line="5" assertions="1" />
      <testcase name="should sort an array of strings" classname="insertionSort" time="0" file="src\utils\sorting\insertion-sort.test.ts" line="10" assertions="1" />
      <testcase name="should handle an already sorted array" classname="insertionSort" time="0" file="src\utils\sorting\insertion-sort.test.ts" line="15" assertions="1" />
      <testcase name="should handle a reverse-sorted array" classname="insertionSort" time="0" file="src\utils\sorting\insertion-sort.test.ts" line="20" assertions="1" />
      <testcase name="should handle an array with duplicate elements" classname="insertionSort" time="0" file="src\utils\sorting\insertion-sort.test.ts" line="25" assertions="1" />
      <testcase name="should handle an array with a single element" classname="insertionSort" time="0" file="src\utils\sorting\insertion-sort.test.ts" line="30" assertions="1" />
      <testcase name="should return an empty array for an empty input array" classname="insertionSort" time="0" file="src\utils\sorting\insertion-sort.test.ts" line="35" assertions="1" />
      <testcase name="should sort an array with negative numbers" classname="insertionSort" time="0" file="src\utils\sorting\insertion-sort.test.ts" line="40" assertions="1" />
    </testsuite>
  </testsuite>
  <testsuite name="src\utils\sorting\merge-sort.test.ts" file="src\utils\sorting\merge-sort.test.ts" tests="8" assertions="8" failures="0" skipped="0" time="0" hostname="">
    <testsuite name="mergeSort" file="src\utils\sorting\merge-sort.test.ts" line="4" tests="8" assertions="8" failures="0" skipped="0" time="0" hostname="">
      <testcase name="should sort an array of numbers" classname="mergeSort" time="0" file="src\utils\sorting\merge-sort.test.ts" line="5" assertions="1" />
      <testcase name="should sort an array of strings" classname="mergeSort" time="0" file="src\utils\sorting\merge-sort.test.ts" line="10" assertions="1" />
      <testcase name="should handle an already sorted array" classname="mergeSort" time="0" file="src\utils\sorting\merge-sort.test.ts" line="15" assertions="1" />
      <testcase name="should handle a reverse-sorted array" classname="mergeSort" time="0" file="src\utils\sorting\merge-sort.test.ts" line="20" assertions="1" />
      <testcase name="should handle an array with duplicate elements" classname="mergeSort" time="0" file="src\utils\sorting\merge-sort.test.ts" line="25" assertions="1" />
      <testcase name="should handle an array with a single element" classname="mergeSort" time="0" file="src\utils\sorting\merge-sort.test.ts" line="30" assertions="1" />
      <testcase name="should return an empty array for an empty input array" classname="mergeSort" time="0" file="src\utils\sorting\merge-sort.test.ts" line="35" assertions="1" />
      <testcase name="should sort an array with negative numbers" classname="mergeSort" time="0" file="src\utils\sorting\merge-sort.test.ts" line="40" assertions="1" />
    </testsuite>
  </testsuite>
  <testsuite name="src\utils\sorting\quick-sort.test.ts" file="src\utils\sorting\quick-sort.test.ts" tests="8" assertions="8" failures="0" skipped="0" time="0" hostname="">
    <testsuite name="quickSort" file="src\utils\sorting\quick-sort.test.ts" line="4" tests="8" assertions="8" failures="0" skipped="0" time="0.015" hostname="">
      <testcase name="should sort an array of numbers" classname="quickSort" time="0" file="src\utils\sorting\quick-sort.test.ts" line="5" assertions="1" />
      <testcase name="should sort an array of strings" classname="quickSort" time="0" file="src\utils\sorting\quick-sort.test.ts" line="10" assertions="1" />
      <testcase name="should handle an already sorted array" classname="quickSort" time="0" file="src\utils\sorting\quick-sort.test.ts" line="15" assertions="1" />
      <testcase name="should handle a reverse-sorted array" classname="quickSort" time="0" file="src\utils\sorting\quick-sort.test.ts" line="20" assertions="1" />
      <testcase name="should handle an array with duplicate elements" classname="quickSort" time="0.015" file="src\utils\sorting\quick-sort.test.ts" line="25" assertions="1" />
      <testcase name="should handle an array with a single element" classname="quickSort" time="0" file="src\utils\sorting\quick-sort.test.ts" line="30" assertions="1" />
      <testcase name="should return an empty array for an empty input array" classname="quickSort" time="0" file="src\utils\sorting\quick-sort.test.ts" line="35" assertions="1" />
      <testcase name="should sort an array with negative numbers" classname="quickSort" time="0" file="src\utils\sorting\quick-sort.test.ts" line="40" assertions="1" />
    </testsuite>
  </testsuite>
  <testsuite name="src\utils\sorting\radix-sort.test.ts" file="src\utils\sorting\radix-sort.test.ts" tests="8" assertions="8" failures="0" skipped="0" time="0" hostname="">
    <testsuite name="radixSort" file="src\utils\sorting\radix-sort.test.ts" line="4" tests="8" assertions="8" failures="0" skipped="0" time="0" hostname="">
      <testcase name="should sort an array of positive integers" classname="radixSort" time="0" file="src\utils\sorting\radix-sort.test.ts" line="5" assertions="1" />
      <testcase name="should handle an already sorted array" classname="radixSort" time="0" file="src\utils\sorting\radix-sort.test.ts" line="10" assertions="1" />
      <testcase name="should handle a reverse-sorted array" classname="radixSort" time="0" file="src\utils\sorting\radix-sort.test.ts" line="15" assertions="1" />
      <testcase name="should handle an array with duplicate elements" classname="radixSort" time="0" file="src\utils\sorting\radix-sort.test.ts" line="20" assertions="1" />
      <testcase name="should handle an array with a single element" classname="radixSort" time="0" file="src\utils\sorting\radix-sort.test.ts" line="25" assertions="1" />
      <testcase name="should return an empty array for an empty input array" classname="radixSort" time="0" file="src\utils\sorting\radix-sort.test.ts" line="30" assertions="1" />
      <testcase name="should sort an array containing zero" classname="radixSort" time="0" file="src\utils\sorting\radix-sort.test.ts" line="35" assertions="1" />
      <testcase name="should handle numbers with varying number of digits" classname="radixSort" time="0" file="src\utils\sorting\radix-sort.test.ts" line="40" assertions="1" />
    </testsuite>
  </testsuite>
  <testsuite name="src\utils\sorting\selection-sort.test.ts" file="src\utils\sorting\selection-sort.test.ts" tests="8" assertions="8" failures="0" skipped="0" time="0" hostname="">
    <testsuite name="selectionSort" file="src\utils\sorting\selection-sort.test.ts" line="4" tests="8" assertions="8" failures="0" skipped="0" time="0" hostname="">
      <testcase name="should sort an array of numbers" classname="selectionSort" time="0" file="src\utils\sorting\selection-sort.test.ts" line="5" assertions="1" />
      <testcase name="should sort an array of strings" classname="selectionSort" time="0" file="src\utils\sorting\selection-sort.test.ts" line="10" assertions="1" />
      <testcase name="should handle an already sorted array" classname="selectionSort" time="0" file="src\utils\sorting\selection-sort.test.ts" line="15" assertions="1" />
      <testcase name="should handle a reverse-sorted array" classname="selectionSort" time="0" file="src\utils\sorting\selection-sort.test.ts" line="20" assertions="1" />
      <testcase name="should handle an array with duplicate elements" classname="selectionSort" time="0" file="src\utils\sorting\selection-sort.test.ts" line="25" assertions="1" />
      <testcase name="should handle an array with a single element" classname="selectionSort" time="0" file="src\utils\sorting\selection-sort.test.ts" line="30" assertions="1" />
      <testcase name="should return an empty array for an empty input array" classname="selectionSort" time="0" file="src\utils\sorting\selection-sort.test.ts" line="35" assertions="1" />
      <testcase name="should sort an array with negative numbers" classname="selectionSort" time="0" file="src\utils\sorting\selection-sort.test.ts" line="40" assertions="1" />
    </testsuite>
  </testsuite>
  <testsuite name="src\utils\string\knuth-morris-pratt.test.ts" file="src\utils\string\knuth-morris-pratt.test.ts" tests="9" assertions="9" failures="0" skipped="0" time="0" hostname="">
    <testsuite name="knuthMorrisPratt" file="src\utils\string\knuth-morris-pratt.test.ts" line="4" tests="9" assertions="9" failures="0" skipped="0" time="0" hostname="">
      <testcase name="should find the pattern in the text" classname="knuthMorrisPratt" time="0" file="src\utils\string\knuth-morris-pratt.test.ts" line="5" assertions="1" />
      <testcase name="should return the index of the first occurrence" classname="knuthMorrisPratt" time="0" file="src\utils\string\knuth-morris-pratt.test.ts" line="11" assertions="1" />
      <testcase name="should return -1 if the pattern is not found" classname="knuthMorrisPratt" time="0" file="src\utils\string\knuth-morris-pratt.test.ts" line="17" assertions="1" />
      <testcase name="should find the pattern at the beginning of the text" classname="knuthMorrisPratt" time="0" file="src\utils\string\knuth-morris-pratt.test.ts" line="23" assertions="1" />
      <testcase name="should find the pattern at the end of the text" classname="knuthMorrisPratt" time="0" file="src\utils\string\knuth-morris-pratt.test.ts" line="29" assertions="1" />
      <testcase name="should handle overlapping patterns" classname="knuthMorrisPratt" time="0" file="src\utils\string\knuth-morris-pratt.test.ts" line="35" assertions="1" />
      <testcase name="should return -1 if the pattern is longer than the text" classname="knuthMorrisPratt" time="0" file="src\utils\string\knuth-morris-pratt.test.ts" line="41" assertions="1" />
      <testcase name="should return 0 if the pattern is an empty string" classname="knuthMorrisPratt" time="0" file="src\utils\string\knuth-morris-pratt.test.ts" line="47" assertions="1" />
      <testcase name="should return -1 if the text is empty but pattern is not" classname="knuthMorrisPratt" time="0" file="src\utils\string\knuth-morris-pratt.test.ts" line="53" assertions="1" />
    </testsuite>
  </testsuite>
  <testsuite name="src\utils\string\levenshtein-distance.test.ts" file="src\utils\string\levenshtein-distance.test.ts" tests="8" assertions="9" failures="0" skipped="0" time="0" hostname="">
    <testsuite name="levenshteinDistance" file="src\utils\string\levenshtein-distance.test.ts" line="4" tests="8" assertions="9" failures="0" skipped="0" time="0" hostname="">
      <testcase name="should return 0 for identical strings" classname="levenshteinDistance" time="0" file="src\utils\string\levenshtein-distance.test.ts" line="5" assertions="1" />
      <testcase name="should calculate the distance for strings with different lengths" classname="levenshteinDistance" time="0" file="src\utils\string\levenshtein-distance.test.ts" line="9" assertions="1" />
      <testcase name="should calculate the distance when one string is empty" classname="levenshteinDistance" time="0" file="src\utils\string\levenshtein-distance.test.ts" line="13" assertions="2" />
      <testcase name="should return 0 when both strings are empty" classname="levenshteinDistance" time="0" file="src\utils\string\levenshtein-distance.test.ts" line="18" assertions="1" />
      <testcase name="should handle substitutions" classname="levenshteinDistance" time="0" file="src\utils\string\levenshtein-distance.test.ts" line="22" assertions="1" />
      <testcase name="should handle insertions" classname="levenshteinDistance" time="0" file="src\utils\string\levenshtein-distance.test.ts" line="26" assertions="1" />
      <testcase name="should handle deletions" classname="levenshteinDistance" time="0" file="src\utils\string\levenshtein-distance.test.ts" line="30" assertions="1" />
      <testcase name="should be case-sensitive" classname="levenshteinDistance" time="0" file="src\utils\string\levenshtein-distance.test.ts" line="34" assertions="1" />
    </testsuite>
  </testsuite>
  <testsuite name="src\utils\string\rabin-karp.test.ts" file="src\utils\string\rabin-karp.test.ts" tests="8" assertions="8" failures="0" skipped="0" time="0" hostname="">
    <testsuite name="rabinKarp" file="src\utils\string\rabin-karp.test.ts" line="4" tests="8" assertions="8" failures="0" skipped="0" time="0" hostname="">
      <testcase name="should find the pattern in the text" classname="rabinKarp" time="0" file="src\utils\string\rabin-karp.test.ts" line="5" assertions="1" />
      <testcase name="should return the index of the first occurrence" classname="rabinKarp" time="0" file="src\utils\string\rabin-karp.test.ts" line="11" assertions="1" />
      <testcase name="should return -1 if the pattern is not found" classname="rabinKarp" time="0" file="src\utils\string\rabin-karp.test.ts" line="17" assertions="1" />
      <testcase name="should find the pattern at the end of the text" classname="rabinKarp" time="0" file="src\utils\string\rabin-karp.test.ts" line="23" assertions="1" />
      <testcase name="should handle patterns that could cause hash collisions" classname="rabinKarp" time="0" file="src\utils\string\rabin-karp.test.ts" line="29" assertions="1" />
      <testcase name="should return -1 if the pattern is longer than the text" classname="rabinKarp" time="0" file="src\utils\string\rabin-karp.test.ts" line="36" assertions="1" />
      <testcase name="should return 0 if the pattern is an empty string" classname="rabinKarp" time="0" file="src\utils\string\rabin-karp.test.ts" line="42" assertions="1" />
      <testcase name="should return -1 if the text is empty but pattern is not" classname="rabinKarp" time="0" file="src\utils\string\rabin-karp.test.ts" line="48" assertions="1" />
    </testsuite>
  </testsuite>
  <testsuite name="src\utils\string\z-algorithm.test.ts" file="src\utils\string\z-algorithm.test.ts" tests="8" assertions="8" failures="0" skipped="0" time="0" hostname="">
    <testsuite name="zAlgorithmSearch" file="src\utils\string\z-algorithm.test.ts" line="4" tests="8" assertions="8" failures="0" skipped="0" time="0" hostname="">
      <testcase name="should find a single occurrence of the pattern" classname="zAlgorithmSearch" time="0" file="src\utils\string\z-algorithm.test.ts" line="5" assertions="1" />
      <testcase name="should find multiple occurrences of the pattern" classname="zAlgorithmSearch" time="0" file="src\utils\string\z-algorithm.test.ts" line="11" assertions="1" />
      <testcase name="should return an empty array if the pattern is not found" classname="zAlgorithmSearch" time="0" file="src\utils\string\z-algorithm.test.ts" line="17" assertions="1" />
      <testcase name="should handle overlapping patterns" classname="zAlgorithmSearch" time="0" file="src\utils\string\z-algorithm.test.ts" line="23" assertions="1" />
      <testcase name="should find the pattern at the beginning and end" classname="zAlgorithmSearch" time="0" file="src\utils\string\z-algorithm.test.ts" line="29" assertions="1" />
      <testcase name="should return an empty array if the pattern is an empty string" classname="zAlgorithmSearch" time="0" file="src\utils\string\z-algorithm.test.ts" line="35" assertions="1" />
      <testcase name="should return an empty array if the text is empty" classname="zAlgorithmSearch" time="0" file="src\utils\string\z-algorithm.test.ts" line="41" assertions="1" />
      <testcase name="should return an empty array if pattern is longer than text" classname="zAlgorithmSearch" time="0" file="src\utils\string\z-algorithm.test.ts" line="47" assertions="1" />
    </testsuite>
  </testsuite>
</testsuites>
